[     318ms] [INFO] %cDownload the React DevTools for a better development experience: https://react.dev/link/react-devtools font-weight:bold @ http://localhost:3002/_next/static/chunks/083b5_next_dist_f816991c._.js:2287
[     378ms] [LOG] [HMR] connected @ http://localhost:3002/_next/static/chunks/083b5_next_dist_f816991c._.js:2287
[  100489ms] [LOG] [Fast Refresh] rebuilding @ http://localhost:3002/_next/static/chunks/083b5_next_dist_f816991c._.js:2287
[  100544ms] [LOG] [Fast Refresh] done in 155ms @ http://localhost:3002/_next/static/chunks/083b5_next_dist_f816991c._.js:2287
[  106245ms] [LOG] [Fast Refresh] rebuilding @ http://localhost:3002/_next/static/chunks/083b5_next_dist_f816991c._.js:2287
[  106292ms] [LOG] [Fast Refresh] done in 152ms @ http://localhost:3002/_next/static/chunks/083b5_next_dist_f816991c._.js:2287
[  228869ms] [LOG] [Fast Refresh] rebuilding @ http://localhost:3002/_next/static/chunks/083b5_next_dist_f816991c._.js:2287
[  229173ms] [LOG] [Fast Refresh] done in 406ms @ http://localhost:3002/_next/static/chunks/083b5_next_dist_f816991c._.js:2287
[  229275ms] [LOG] [Fast Refresh] rebuilding @ http://localhost:3002/_next/static/chunks/083b5_next_dist_f816991c._.js:2287
[  229424ms] [LOG] [Fast Refresh] done in 251ms @ http://localhost:3002/_next/static/chunks/083b5_next_dist_f816991c._.js:2287
[ 1517371ms] [LOG] [Fast Refresh] rebuilding @ http://localhost:3002/_next/static/chunks/083b5_next_dist_f816991c._.js:2287
[ 1517438ms] [LOG] [Fast Refresh] done in 166ms @ http://localhost:3002/_next/static/chunks/083b5_next_dist_f816991c._.js:2287
[ 1517712ms] [LOG] [Fast Refresh] rebuilding @ http://localhost:3002/_next/static/chunks/083b5_next_dist_f816991c._.js:2287
[ 1517720ms] [LOG] [Fast Refresh] done in 111ms @ http://localhost:3002/_next/static/chunks/083b5_next_dist_f816991c._.js:2287
[ 5235715ms] [LOG] [Fast Refresh] rebuilding @ http://localhost:3002/_next/static/chunks/083b5_next_dist_f816991c._.js:2287
[ 5235859ms] [LOG] [Fast Refresh] done in 246ms @ http://localhost:3002/_next/static/chunks/083b5_next_dist_f816991c._.js:2287
[ 6768489ms] [LOG] [Fast Refresh] rebuilding @ http://localhost:3002/_next/static/chunks/083b5_next_dist_f816991c._.js:2287
[ 6768549ms] [LOG] [Fast Refresh] done in 162ms @ http://localhost:3002/_next/static/chunks/083b5_next_dist_f816991c._.js:2287
[ 6770844ms] [LOG] [Fast Refresh] rebuilding @ http://localhost:3002/_next/static/chunks/083b5_next_dist_f816991c._.js:2287
[ 6770983ms] [LOG] [Fast Refresh] done in 240ms @ http://localhost:3002/_next/static/chunks/083b5_next_dist_f816991c._.js:2287
[ 6771199ms] [LOG] [Fast Refresh] rebuilding @ http://localhost:3002/_next/static/chunks/083b5_next_dist_f816991c._.js:2287
[ 6771240ms] [LOG] [Fast Refresh] done in 142ms @ http://localhost:3002/_next/static/chunks/083b5_next_dist_f816991c._.js:2287
[ 6771424ms] [LOG] [Fast Refresh] rebuilding @ http://localhost:3002/_next/static/chunks/083b5_next_dist_f816991c._.js:2287
[ 6771559ms] [LOG] [Fast Refresh] done in 237ms @ http://localhost:3002/_next/static/chunks/083b5_next_dist_f816991c._.js:2287
[ 6771742ms] [LOG] [Fast Refresh] rebuilding @ http://localhost:3002/_next/static/chunks/083b5_next_dist_f816991c._.js:2287
[ 6771783ms] [LOG] [Fast Refresh] done in 145ms @ http://localhost:3002/_next/static/chunks/083b5_next_dist_f816991c._.js:2287
[ 6771986ms] [LOG] [Fast Refresh] rebuilding @ http://localhost:3002/_next/static/chunks/083b5_next_dist_f816991c._.js:2287
[ 6772011ms] [LOG] [Fast Refresh] done in 127ms @ http://localhost:3002/_next/static/chunks/083b5_next_dist_f816991c._.js:2287
[ 6774608ms] [LOG] [Fast Refresh] rebuilding @ http://localhost:3002/_next/static/chunks/083b5_next_dist_f816991c._.js:2287
[ 6774645ms] [LOG] [Fast Refresh] done in 138ms @ http://localhost:3002/_next/static/chunks/083b5_next_dist_f816991c._.js:2287
[ 6775600ms] [LOG] [Fast Refresh] rebuilding @ http://localhost:3002/_next/static/chunks/083b5_next_dist_f816991c._.js:2287
[ 6775684ms] [LOG] [Fast Refresh] done in 185ms @ http://localhost:3002/_next/static/chunks/083b5_next_dist_f816991c._.js:2287
[11001493ms] [LOG] [Fast Refresh] rebuilding @ http://localhost:3002/_next/static/chunks/083b5_next_dist_f816991c._.js:2287
[11001655ms] [LOG] [Fast Refresh] done in 262ms @ http://localhost:3002/_next/static/chunks/083b5_next_dist_f816991c._.js:2287
[11001855ms] [LOG] [Fast Refresh] rebuilding @ http://localhost:3002/_next/static/chunks/083b5_next_dist_f816991c._.js:2287
[11001865ms] [LOG] [Fast Refresh] done in 110ms @ http://localhost:3002/_next/static/chunks/083b5_next_dist_f816991c._.js:2287
[14802126ms] [LOG] [Fast Refresh] rebuilding @ http://localhost:3002/_next/static/chunks/083b5_next_dist_f816991c._.js:2287
[14802160ms] [LOG] [Fast Refresh] done in 135ms @ http://localhost:3002/_next/static/chunks/083b5_next_dist_f816991c._.js:2287
[18558250ms] [LOG] [Fast Refresh] rebuilding @ http://localhost:3002/_next/static/chunks/083b5_next_dist_f816991c._.js:2287
[18558426ms] [LOG] [Fast Refresh] done in 277ms @ http://localhost:3002/_next/static/chunks/083b5_next_dist_f816991c._.js:2287
[18609625ms] [LOG] [Fast Refresh] rebuilding @ http://localhost:3002/_next/static/chunks/083b5_next_dist_f816991c._.js:2287
[18609629ms] [LOG] [Fast Refresh] done in 106ms @ http://localhost:3002/_next/static/chunks/083b5_next_dist_f816991c._.js:2287
[81585311ms] [LOG] [Fast Refresh] rebuilding @ http://localhost:3002/_next/static/chunks/083b5_next_dist_f816991c._.js:2287
[81585484ms] [LOG] [Fast Refresh] done in 275ms @ http://localhost:3002/_next/static/chunks/083b5_next_dist_f816991c._.js:2287
[81599182ms] [LOG] [Fast Refresh] rebuilding @ http://localhost:3002/_next/static/chunks/083b5_next_dist_f816991c._.js:2287
[81599193ms] [LOG] [Fast Refresh] done in 112ms @ http://localhost:3002/_next/static/chunks/083b5_next_dist_f816991c._.js:2287
[81599501ms] [LOG] [Fast Refresh] rebuilding @ http://localhost:3002/_next/static/chunks/083b5_next_dist_f816991c._.js:2287
[81599574ms] [LOG] [Fast Refresh] done in 175ms @ http://localhost:3002/_next/static/chunks/083b5_next_dist_f816991c._.js:2287
[81600400ms] [LOG] [Fast Refresh] rebuilding @ http://localhost:3002/_next/static/chunks/083b5_next_dist_f816991c._.js:2287
[81600486ms] [LOG] [Fast Refresh] done in 187ms @ http://localhost:3002/_next/static/chunks/083b5_next_dist_f816991c._.js:2287
[81600869ms] [LOG] [Fast Refresh] rebuilding @ http://localhost:3002/_next/static/chunks/083b5_next_dist_f816991c._.js:2287
[81600907ms] [LOG] [Fast Refresh] done in 140ms @ http://localhost:3002/_next/static/chunks/083b5_next_dist_f816991c._.js:2287
[81601008ms] [LOG] [Fast Refresh] rebuilding @ http://localhost:3002/_next/static/chunks/083b5_next_dist_f816991c._.js:2287
[81601051ms] [LOG] [Fast Refresh] done in 143ms @ http://localhost:3002/_next/static/chunks/083b5_next_dist_f816991c._.js:2287
[81601153ms] [LOG] [Fast Refresh] rebuilding @ http://localhost:3002/_next/static/chunks/083b5_next_dist_f816991c._.js:2287
[81601181ms] [LOG] [Fast Refresh] done in 130ms @ http://localhost:3002/_next/static/chunks/083b5_next_dist_f816991c._.js:2287
[81601375ms] [LOG] [Fast Refresh] rebuilding @ http://localhost:3002/_next/static/chunks/083b5_next_dist_f816991c._.js:2287
[81601492ms] [LOG] [Fast Refresh] done in 218ms @ http://localhost:3002/_next/static/chunks/083b5_next_dist_f816991c._.js:2287
[81601594ms] [LOG] [Fast Refresh] rebuilding @ http://localhost:3002/_next/static/chunks/083b5_next_dist_f816991c._.js:2287
[81601825ms] [LOG] [Fast Refresh] done in 332ms @ http://localhost:3002/_next/static/chunks/083b5_next_dist_f816991c._.js:2287
[81601926ms] [LOG] [Fast Refresh] rebuilding @ http://localhost:3002/_next/static/chunks/083b5_next_dist_f816991c._.js:2287
[81602042ms] [LOG] [Fast Refresh] done in 216ms @ http://localhost:3002/_next/static/chunks/083b5_next_dist_f816991c._.js:2287
[81602143ms] [LOG] [Fast Refresh] rebuilding @ http://localhost:3002/_next/static/chunks/083b5_next_dist_f816991c._.js:2287
[81602415ms] [LOG] [Fast Refresh] done in 373ms @ http://localhost:3002/_next/static/chunks/083b5_next_dist_f816991c._.js:2287
[81602516ms] [LOG] [Fast Refresh] rebuilding @ http://localhost:3002/_next/static/chunks/083b5_next_dist_f816991c._.js:2287
[81602563ms] [LOG] [Fast Refresh] done in 148ms @ http://localhost:3002/_next/static/chunks/083b5_next_dist_f816991c._.js:2287
[162609444ms] [LOG] [Fast Refresh] rebuilding @ http://localhost:3002/_next/static/chunks/083b5_next_dist_f816991c._.js:2287
[162609646ms] [LOG] [Fast Refresh] done in 305ms @ http://localhost:3002/_next/static/chunks/083b5_next_dist_f816991c._.js:2287
[162609750ms] [LOG] [Fast Refresh] rebuilding @ http://localhost:3002/_next/static/chunks/083b5_next_dist_f816991c._.js:2287
[162609786ms] [LOG] [Fast Refresh] done in 140ms @ http://localhost:3002/_next/static/chunks/083b5_next_dist_f816991c._.js:2287
[164103450ms] [LOG] [Fast Refresh] rebuilding @ http://localhost:3002/_next/static/chunks/083b5_next_dist_f816991c._.js:2287
[164103651ms] [LOG] [Fast Refresh] done in 302ms @ http://localhost:3002/_next/static/chunks/083b5_next_dist_f816991c._.js:2287
[164103752ms] [LOG] [Fast Refresh] rebuilding @ http://localhost:3002/_next/static/chunks/083b5_next_dist_f816991c._.js:2287
[164103841ms] [LOG] [Fast Refresh] done in 191ms @ http://localhost:3002/_next/static/chunks/083b5_next_dist_f816991c._.js:2287
[165568949ms] [LOG] [HMR] connected @ http://localhost:3002/_next/static/chunks/083b5_next_dist_f816991c._.js:2287
[165569152ms] [LOG] [Fast Refresh] rebuilding @ http://localhost:3002/_next/static/chunks/083b5_next_dist_f816991c._.js:2287
[165569153ms] [LOG] [Fast Refresh] done in 102ms @ http://localhost:3002/_next/static/chunks/083b5_next_dist_f816991c._.js:2287
[165575145ms] [LOG] [HMR] connected @ http://localhost:3002/_next/static/chunks/083b5_next_dist_f816991c._.js:2287
[169510408ms] [LOG] [HMR] connected @ http://localhost:3002/_next/static/chunks/083b5_next_dist_f816991c._.js:2287
[170252046ms] [LOG] [Fast Refresh] rebuilding @ http://localhost:3002/_next/static/chunks/083b5_next_dist_f816991c._.js:2287
[170252100ms] [LOG] [Fast Refresh] done in 156ms @ http://localhost:3002/_next/static/chunks/083b5_next_dist_f816991c._.js:2287
[171595784ms] [LOG] [Fast Refresh] rebuilding @ http://localhost:3002/_next/static/chunks/083b5_next_dist_f816991c._.js:2287
[171595833ms] [LOG] [Fast Refresh] done in 151ms @ http://localhost:3002/_next/static/chunks/083b5_next_dist_f816991c._.js:2287
